TN:
SF:src/LinearDutchAuction.sol
DA:13,17
FN:13,LinearDutchAuctionFactory.createAuction
FNDA:17,LinearDutchAuctionFactory.createAuction
DA:21,17
DA:23,11
DA:24,11
DA:25,11
DA:56,17
FN:56,LinearDutchAuction.constructor
FNDA:17,LinearDutchAuction.constructor
DA:63,17
BRDA:63,0,0,1
BRDA:63,0,1,16
DA:64,16
BRDA:64,1,0,1
BRDA:64,1,1,15
DA:65,15
BRDA:65,2,0,2
BRDA:65,2,1,13
DA:66,13
BRDA:66,3,0,1
BRDA:66,3,1,12
DA:67,12
BRDA:67,4,0,1
BRDA:67,4,1,11
DA:69,11
DA:70,11
DA:71,11
DA:72,11
DA:73,11
DA:83,5
FN:83,LinearDutchAuction.currentPrice
FNDA:5,LinearDutchAuction.currentPrice
DA:84,12
BRDA:84,5,0,1
BRDA:84,5,1,11
DA:86,11
BRDA:86,6,0,1
DA:87,1
DA:90,10
DA:91,10
DA:93,10
DA:104,4
FN:104,LinearDutchAuction.receive
FNDA:4,LinearDutchAuction.receive
DA:105,4
BRDA:105,7,0,1
BRDA:105,7,1,3
DA:107,3
DA:109,3
DA:110,3
BRDA:110,8,0,1
DA:111,1
DA:114,3
DA:115,3
BRDA:115,9,0,1
BRDA:115,9,1,2
FNF:4
FNH:4
LF:31
LH:31
BRF:18
BRH:18
end_of_record
TN:
SF:test/LinearDutchAuction.t.sol
DA:11,17
FN:11,TokenForSale.constructor
FNDA:17,TokenForSale.constructor
DA:12,17
FNF:1
FNH:1
LF:2
LH:2
BRF:0
BRH:0
end_of_record
